#
# A fatal error has been detected by the Java Runtime Environment:
#
#  EXCEPTION_ACCESS_VIOLATION (0xc0000005) at pc=0x0000000180004465, pid=15460, tid=45240
#
# JRE version: Java(TM) SE Runtime Environment (17.0.9+11) (build 17.0.9+11-LTS-201)
# Java VM: Java HotSpot(TM) 64-Bit Server VM (17.0.9+11-LTS-201, mixed mode, sharing, tiered, compressed oops, compressed class ptrs, g1 gc, windows-amd64)
# Problematic frame:
# C  [rxtxSerial.dll+0x4465]
#
# No core dump will be written. Minidumps are not enabled by default on client versions of Windows
#
# If you would like to submit a bug report, please visit:
#   https://bugreport.java.com/bugreport/crash.jsp
# The crash happened outside the Java Virtual Machine in native code.
# See problematic frame for where to report the bug.
#

---------------  S U M M A R Y ------------

Command Line: -Dfile.encoding=UTF-8 --module-path=D:\Workspace\LAB211\LAB211_INCLASS\RXTXcommunication1\build\classes myRxtx.ArduinoControlUI

Host: Intel(R) Core(TM) i7-10850H CPU @ 2.70GHz, 12 cores, 31G,  Windows 11 , 64 bit Build 26100 (10.0.26100.7623)
Time: Thu Feb  5 17:10:07 2026 SE Asia Standard Time elapsed time: 2.757727 seconds (0d 0h 0m 2s)

---------------  T H R E A D  ---------------

Current thread (0x000001c7535c7a00):  JavaThread "AWT-EventQueue-0" [_thread_in_native, id=45240, stack(0x0000009a0f400000,0x0000009a0f500000)]

Stack: [0x0000009a0f400000,0x0000009a0f500000],  sp=0x0000009a0f4fd8a0,  free space=1014k
Native frames: (J=compiled Java code, j=interpreted, Vv=VM code, C=native code)
C  [rxtxSerial.dll+0x4465]

Java frames: (J=compiled Java code, j=interpreted, Vv=VM code)
j  gnu.io.RXTXPort.nativeDrain(Z)Z+0
j  gnu.io.RXTXPort$SerialOutputStream.flush()V+92
j  rxtxcommunication.MyRxTx.sendLine(Ljava/lang/String;)V+37
j  myRxtx.ArduinoControlUI.onSend()V+16
j  myRxtx.ArduinoControlUI.lambda$new$2(Ljava/awt/event/ActionEvent;)V+1
j  myRxtx.ArduinoControlUI$$Lambda$141+0x000001c713003780.actionPerformed(Ljava/awt/event/ActionEvent;)V+5
j  javax.swing.AbstractButton.fireActionPerformed(Ljava/awt/event/ActionEvent;)V+84 java.desktop@17.0.9
j  javax.swing.AbstractButton$Handler.actionPerformed(Ljava/awt/event/ActionEvent;)V+5 java.desktop@17.0.9
j  javax.swing.DefaultButtonModel.fireActionPerformed(Ljava/awt/event/ActionEvent;)V+34 java.desktop@17.0.9
j  javax.swing.DefaultButtonModel.setPressed(Z)V+117 java.desktop@17.0.9
j  javax.swing.plaf.basic.BasicButtonListener.mouseReleased(Ljava/awt/event/MouseEvent;)V+35 java.desktop@17.0.9
j  java.awt.Component.processMouseEvent(Ljava/awt/event/MouseEvent;)V+64 java.desktop@17.0.9
j  javax.swing.JComponent.processMouseEvent(Ljava/awt/event/MouseEvent;)V+23 java.desktop@17.0.9
j  java.awt.Component.processEvent(Ljava/awt/AWTEvent;)V+81 java.desktop@17.0.9
j  java.awt.Container.processEvent(Ljava/awt/AWTEvent;)V+18 java.desktop@17.0.9
j  java.awt.Component.dispatchEventImpl(Ljava/awt/AWTEvent;)V+496 java.desktop@17.0.9
j  java.awt.Container.dispatchEventImpl(Ljava/awt/AWTEvent;)V+42 java.desktop@17.0.9
j  java.awt.Component.dispatchEvent(Ljava/awt/AWTEvent;)V+2 java.desktop@17.0.9
j  java.awt.LightweightDispatcher.retargetMouseEvent(Ljava/awt/Component;ILjava/awt/event/MouseEvent;)V+349 java.desktop@17.0.9
j  java.awt.LightweightDispatcher.processMouseEvent(Ljava/awt/event/MouseEvent;)Z+155 java.desktop@17.0.9
j  java.awt.LightweightDispatcher.dispatchEvent(Ljava/awt/AWTEvent;)Z+50 java.desktop@17.0.9
j  java.awt.Container.dispatchEventImpl(Ljava/awt/AWTEvent;)V+12 java.desktop@17.0.9
j  java.awt.Window.dispatchEventImpl(Ljava/awt/AWTEvent;)V+19 java.desktop@17.0.9
j  java.awt.Component.dispatchEvent(Ljava/awt/AWTEvent;)V+2 java.desktop@17.0.9
j  java.awt.EventQueue.dispatchEventImpl(Ljava/awt/AWTEvent;Ljava/lang/Object;)V+41 java.desktop@17.0.9
j  java.awt.EventQueue$4.run()Ljava/lang/Void;+32 java.desktop@17.0.9
j  java.awt.EventQueue$4.run()Ljava/lang/Object;+1 java.desktop@17.0.9
J 773 c1 java.security.ProtectionDomain$JavaSecurityAccessImpl.doIntersectionPrivilege(Ljava/security/PrivilegedAction;Ljava/security/AccessControlContext;Ljava/security/AccessControlContext;)Ljava/lang/Object; java.base@17.0.9 (22 bytes) @ 0x000001c76cdbe834 [0x000001c76cdbe5a0+0x0000000000000294]
j  java.security.ProtectionDomain$JavaSecurityAccessImpl.doIntersectionPrivilege(Ljava/security/PrivilegedAction;Ljava/security/AccessControlContext;)Ljava/lang/Object;+6 java.base@17.0.9
j  java.awt.EventQueue$5.run()Ljava/lang/Void;+11 java.desktop@17.0.9
j  java.awt.EventQueue$5.run()Ljava/lang/Object;+1 java.desktop@17.0.9
J 773 c1 java.security.ProtectionDomain$JavaSecurityAccessImpl.doIntersectionPrivilege(Ljava/security/PrivilegedAction;Ljava/security/AccessControlContext;Ljava/security/AccessControlContext;)Ljava/lang/Object; java.base@17.0.9 (22 bytes) @ 0x000001c76cdbe834 [0x000001c76cdbe5a0+0x0000000000000294]
j  java.awt.EventQueue.dispatchEvent(Ljava/awt/AWTEvent;)V+73 java.desktop@17.0.9
j  java.awt.EventDispatchThread.pumpOneEventForFilters(I)V+78 java.desktop@17.0.9
j  java.awt.EventDispatchThread.pumpEventsForFilter(ILjava/awt/Conditional;Ljava/awt/EventFilter;)V+35 java.desktop@17.0.9
j  java.awt.EventDispatchThread.pumpEventsForHierarchy(ILjava/awt/Conditional;Ljava/awt/Component;)V+11 java.desktop@17.0.9
j  java.awt.EventDispatchThread.pumpEvents(ILjava/awt/Conditional;)V+4 java.desktop@17.0.9
j  java.awt.EventDispatchThread.pumpEvents(Ljava/awt/Conditional;)V+3 java.desktop@17.0.9
j  java.awt.EventDispatchThread.run()V+9 java.desktop@17.0.9
v  ~StubRoutines::call_stub

siginfo: EXCEPTION_ACCESS_VIOLATION (0xc0000005), reading address 0x000000000eeff2bc


Register to memory mapping:

RIP=0x0000000180004465 rxtxSerial.dll
RAX=0x000000000000001c is an unknown value
RBX=0x000001c7535c7cb0 points into unknown readable memory: 0x00007ffd32594660 | 60 46 59 32 fd 7f 00 00
RCX=0x0000009a0f4fdfbc is pointing into the stack for thread: 0x000001c7535c7a00
RDX=0x0 is NULL
RSP=0x0000009a0f4fd8a0 is pointing into the stack for thread: 0x000001c7535c7a00
RBP=0x0000000000000001 is an unknown value
RSI=0x0 is NULL
RDI=0x0000000000000001 is an unknown value
R8 =0x0000009a0f4fd560 is pointing into the stack for thread: 0x000001c7535c7a00
R9 =0x0000000180000000 rxtxSerial.dll
R10=0x0 is NULL
R11=0x0000000000000200 is an unknown value
R12=0x000000000eeff2b0 is an unknown value
R13=0x0 is NULL
R14=0x0000009a0f4fe0d0 is pointing into the stack for thread: 0x000001c7535c7a00
R15=0x000001c7535c7a00 is a thread


Registers:
RAX=0x000000000000001c, RBX=0x000001c7535c7cb0, RCX=0x0000009a0f4fdfbc, RDX=0x0000000000000000
RSP=0x0000009a0f4fd8a0, RBP=0x0000000000000001, RSI=0x0000000000000000, RDI=0x0000000000000001
R8 =0x0000009a0f4fd560, R9 =0x0000000180000000, R10=0x0000000000000000, R11=0x0000000000000200
R12=0x000000000eeff2b0, R13=0x0000000000000000, R14=0x0000009a0f4fe0d0, R15=0x000001c7535c7a00
RIP=0x0000000180004465, EFLAGS=0x0000000000010202

Top of Stack: (sp=0x0000009a0f4fd8a0)
0x0000009a0f4fd8a0:   000001c7535c7cb0 000000018001c4c0
0x0000009a0f4fd8b0:   0000000000000000 0000000000000001
0x0000009a0f4fd8c0:   000001c7120105a0 000001c7120105a0
0x0000009a0f4fd8d0:   0000009a0f4fe0d0 00007ffd3204dd84
0x0000009a0f4fd8e0:   000001c7535c7a00 000001c77f7d8f28
0x0000009a0f4fd8f0:   000001c753138870 000001c7535c52a0
0x0000009a0f4fd900:   0000000000000301 0000000000000000
0x0000009a0f4fd910:   000001c7535c7a00 00007ffd322406e9
0x0000009a0f4fd920:   0000000000000000 000001c7535c52a0
0x0000009a0f4fd930:   0000009a0f4fdaa8 00007ffd323d26d8
0x0000009a0f4fd940:   0000000000000000 000001c7535c7a00
0x0000009a0f4fd950:   000001c7535c52a0 000001c753138870
0x0000009a0f4fd960:   000001c753138880 000001c753138c58
0x0000009a0f4fd970:   00000000000003d8 00007ffd31dac732
0x0000009a0f4fd980:   000001c7535c52a0 0000000000000000
0x0000009a0f4fd990:   0000000000000000 0000000000000000 

Instructions: (pc=0x0000000180004465)
0x0000000180004365:   02 00 00 00 e8 d2 79 00 00 85 c0 75 19 85 f6 75
0x0000000180004375:   15 e8 25 76 00 00 48 8d 15 86 91 01 00 48 8d 48
0x0000000180004385:   60 e8 9d 74 00 00 4c 8b e6 66 90 8b cd e8 49 57
0x0000000180004395:   00 00 ff c7 8b f0 85 c0 74 0f e8 04 79 00 00 83
0x00000001800043a5:   38 04 75 05 83 ff 03 7c e2 48 8d 15 0b 81 01 00
0x00000001800043b5:   48 8d 8c 24 00 07 00 00 44 8b c6 e8 c7 73 00 00
0x00000001800043c5:   85 f6 0f 84 86 00 00 00 e8 d6 78 00 00 8b 08 e8
0x00000001800043d5:   eb 77 00 00 4c 8b 03 48 8d 15 0d 81 01 00 48 8b
0x00000001800043e5:   cb 48 8b f0 41 ff 50 30 48 8b f8 48 85 c0 75 1b
0x00000001800043f5:   48 8b 03 48 8b cb ff 90 80 00 00 00 4c 8b 1b 48
0x0000000180004405:   8b cb 41 ff 93 88 00 00 00 eb 43 4c 8d 0d c9 80
0x0000000180004415:   01 00 48 8d 15 12 91 01 00 48 8d 8c 24 c0 06 00
0x0000000180004425:   00 4c 8b c6 e8 5e 73 00 00 4c 8b 1b 4c 8d 84 24
0x0000000180004435:   c0 06 00 00 48 8b d7 48 8b cb 41 ff 53 70 4c 8b
0x0000000180004445:   1b 48 8b d7 48 8b cb 41 ff 93 b8 00 00 00 45 84
0x0000000180004455:   ed 0f 85 97 00 00 00 4d 85 e4 0f 84 8e 00 00 00
0x0000000180004465:   41 83 7c 24 0c 00 0f 84 82 00 00 00 4c 8d 44 24
0x0000000180004475:   30 48 8d 4c 24 38 4d 8b cc 48 8b d3 e8 8a f4 ff
0x0000000180004485:   ff 48 8d 8c 24 80 03 00 00 41 b8 40 03 00 00 48
0x0000000180004495:   8b d0 e8 74 79 00 00 83 bc 24 18 04 00 00 01 7f
0x00000001800044a5:   4d 48 83 bc 24 30 04 00 00 00 74 42 48 8b 9c 24
0x00000001800044b5:   20 04 00 00 48 8b cb 48 8b 03 ff 90 88 00 00 00
0x00000001800044c5:   48 8b 94 24 28 04 00 00 4c 8b 1b 48 8b 12 4c 8b
0x00000001800044d5:   84 24 38 04 00 00 41 b9 02 00 00 00 48 8b cb c7
0x00000001800044e5:   44 24 20 01 00 00 00 41 ff 93 28 01 00 00 32 c0
0x00000001800044f5:   48 8b 8c 24 50 07 00 00 48 33 cc e8 db 70 00 00
0x0000000180004505:   48 8b 9c 24 a0 07 00 00 48 81 c4 60 07 00 00 41
0x0000000180004515:   5d 41 5c 5f 5e 5d c3 cc cc cc cc cc cc cc cc cc
0x0000000180004525:   cc cc cc cc cc cc cc cc cc cc cc 48 89 5c 24 08
0x0000000180004535:   48 89 6c 24 10 48 89 74 24 18 57 48 83 ec 20 48
0x0000000180004545:   8b 01 41 8b e8 48 8b fa 48 8b d9 ff 90 f8 00 00
0x0000000180004555:   00 4c 8b 13 4c 8d 0d 3c 7f 01 00 4c 8d 05 85 7f 


Stack slot to memory mapping:
stack at sp + 0 slots: 0x000001c7535c7cb0 points into unknown readable memory: 0x00007ffd32594660 | 60 46 59 32 fd 7f 00 00
stack at sp + 1 slots: 0x000000018001c4c0 rxtxSerial.dll
stack at sp + 2 slots: 0x0 is NULL
stack at sp + 3 slots: 0x0000000000000001 is an unknown value
stack at sp + 4 slots: {method} {0x000001c7120105a8} 'findNative' '(Ljava/lang/ClassLoader;Ljava/lang/String;)J' in 'java/lang/ClassLoader'
stack at sp + 5 slots: {method} {0x000001c7120105a8} 'findNative' '(Ljava/lang/ClassLoader;Ljava/lang/String;)J' in 'java/lang/ClassLoader'
stack at sp + 6 slots: 0x0000009a0f4fe0d0 is pointing into the stack for thread: 0x000001c7535c7a00
stack at sp + 7 slots: 0x00007ffd3204dd84 jvm.dll


Compiled method (c1)    2808  773       3       java.security.ProtectionDomain$JavaSecurityAccessImpl::doIntersectionPrivilege (22 bytes)
 total in heap  [0x000001c76cdbe390,0x000001c76cdbed30] = 2464
 relocation     [0x000001c76cdbe4e8,0x000001c76cdbe5a0] = 184
 main code      [0x000001c76cdbe5a0,0x000001c76cdbea80] = 1248
 stub code      [0x000001c76cdbea80,0x000001c76cdbeb18] = 152
 metadata       [0x000001c76cdbeb18,0x000001c76cdbeb38] = 32
 scopes data    [0x000001c76cdbeb38,0x000001c76cdbec18] = 224
 scopes pcs     [0x000001c76cdbec18,0x000001c76cdbed18] = 256
 dependencies   [0x000001c76cdbed18,0x000001c76cdbed20] = 8
 nul chk table  [0x000001c76cdbed20,0x000001c76cdbed30] = 16

[Constant Pool (empty)]

[MachCode]
[Entry Point]
  # {method} {0x000001c71215e228} 'doIntersectionPrivilege' '(Ljava/security/PrivilegedAction;Ljava/security/AccessControlContext;Ljava/security/AccessControlContext;)Ljava/lang/Object;' in 'java/security/ProtectionDomain$JavaSecurityAccessImpl'
  # this:     rdx:rdx   = 'java/security/ProtectionDomain$JavaSecurityAccessImpl'
  # parm0:    r8:r8     = 'java/security/PrivilegedAction'
  # parm1:    r9:r9     = 'java/security/AccessControlContext'
  # parm2:    rdi:rdi   = 'java/security/AccessControlContext'
  #           [sp+0xa0]  (sp of caller)
  0x000001c76cdbe5a0: 448b 5208 | 49bb 0000 | 0012 c701 | 0000 4d03 | d34c 3bd0 

  0x000001c76cdbe5b4: ;   {runtime_call ic_miss_stub}
  0x000001c76cdbe5b4: 0f85 c6e4 | 4607 660f | 1f44 0000 
[Verified Entry Point]
  0x000001c76cdbe5c0: 8984 2400 | 90ff ff55 | 4881 ec90 

  0x000001c76cdbe5cc: ;   {metadata(method data for {method} {0x000001c71215e228} 'doIntersectionPrivilege' '(Ljava/security/PrivilegedAction;Ljava/security/AccessControlContext;Ljava/security/AccessControlContext;)Ljava/lang/Object;' in 'java/security/ProtectionDomain$JavaSecurityAccessImpl')}
  0x000001c76cdbe5cc: 0000 0048 | be08 5f69 | 54c7 0100 | 008b 9ecc | 0000 0083 | c302 899e | cc00 0000 | 81e3 fe07 
  0x000001c76cdbe5ec: 0000 83fb | 000f 8472 | 0300 0049 

  0x000001c76cdbe5f8: ;   {metadata(method data for {method} {0x000001c71215e228} 'doIntersectionPrivilege' '(Ljava/security/PrivilegedAction;Ljava/security/AccessControlContext;Ljava/security/AccessControlContext;)Ljava/lang/Object;' in 'java/security/ProtectionDomain$JavaSecurityAccessImpl')}
  0x000001c76cdbe5f8: 83f8 0048 | ba08 5f69 | 54c7 0100 | 0048 be20 | 0100 0000 | 0000 000f | 840a 0000 | 0048 be10 
  0x000001c76cdbe618: 0100 0000 | 0000 0048 | 8b1c 3248 | 8d5b 0148 | 891c 320f | 84a2 0200 | 004c 8944 

  0x000001c76cdbe634: ;   {metadata(method data for {method} {0x000001c71215e228} 'doIntersectionPrivilege' '(Ljava/security/PrivilegedAction;Ljava/security/AccessControlContext;Ljava/security/AccessControlContext;)Ljava/lang/Object;' in 'java/security/ProtectionDomain$JavaSecurityAccessImpl')}
  0x000001c76cdbe634: 2460 48ba | 085f 6954 | c701 0000 | 4883 8240 | 0100 0001 | 488b d74d 

  0x000001c76cdbe64c: ;   {static_call}
  0x000001c76cdbe64c: 8bc1 90e8 

  0x000001c76cdbe650: ; ImmutableOopMap {[96]=Oop }
                      ;*invokestatic getCombinedACC {reexecute=0 rethrow=0 return_oop=0}
                      ; - java.security.ProtectionDomain$JavaSecurityAccessImpl::doIntersectionPrivilege@15 (line 88)
  0x000001c76cdbe650: 0c09 0000 

  0x000001c76cdbe654: ;   {metadata(method data for {method} {0x000001c71215e228} 'doIntersectionPrivilege' '(Ljava/security/PrivilegedAction;Ljava/security/AccessControlContext;Ljava/security/AccessControlContext;)Ljava/lang/Object;' in 'java/security/ProtectionDomain$JavaSecurityAccessImpl')}
  0x000001c76cdbe654: 48be 085f | 6954 c701 | 0000 4883 | 8650 0100 

  0x000001c76cdbe664: ;   {metadata(method data for {method} {0x000001c71243c2e0} 'doPrivileged' '(Ljava/security/PrivilegedAction;Ljava/security/AccessControlContext;)Ljava/lang/Object;' in 'java/security/AccessController')}
  0x000001c76cdbe664: 0001 48be | 805d 6954 | c701 0000 | 8bbe cc00 | 0000 83c7 | 0289 becc | 0000 0081 | e7fe ff1f 
  0x000001c76cdbe684: 0083 ff00 | 0f84 fc02 

  0x000001c76cdbe68c: ;   {metadata(method data for {method} {0x000001c71243c2e0} 'doPrivileged' '(Ljava/security/PrivilegedAction;Ljava/security/AccessControlContext;)Ljava/lang/Object;' in 'java/security/AccessController')}
  0x000001c76cdbe68c: 0000 48be | 805d 6954 | c701 0000 | 4883 8610 | 0100 0001 | 4889 4424 

  0x000001c76cdbe6a4: ;   {static_call}
  0x000001c76cdbe6a4: 6866 90e8 

  0x000001c76cdbe6a8: ; ImmutableOopMap {[96]=Oop [104]=Oop }
                      ;*invokestatic getCallerClass {reexecute=0 rethrow=0 return_oop=0}
                      ; - java.security.AccessController::doPrivileged@0 (line 397)
                      ; - java.security.ProtectionDomain$JavaSecurityAccessImpl::doIntersectionPrivilege@18 (line 86)
  0x000001c76cdbe6a8: 143d 9e07 

  0x000001c76cdbe6ac: ;   {metadata(method data for {method} {0x000001c71243c2e0} 'doPrivileged' '(Ljava/security/PrivilegedAction;Ljava/security/AccessControlContext;)Ljava/lang/Object;' in 'java/security/AccessController')}
  0x000001c76cdbe6ac: 48ba 805d | 6954 c701 | 0000 4883 | 8220 0100 | 0001 488b | 5424 684c | 8bc0 4889 | 4424 700f 
  0x000001c76cdbe6cc: ;   {static_call}
  0x000001c76cdbe6cc: 1f40 00e8 

  0x000001c76cdbe6d0: ; ImmutableOopMap {[96]=Oop [112]=Oop }
                      ;*invokestatic checkContext {reexecute=0 rethrow=0 return_oop=0}
                      ; - java.security.AccessController::doPrivileged@6 (line 398)
                      ; - java.security.ProtectionDomain$JavaSecurityAccessImpl::doIntersectionPrivilege@18 (line 86)
  0x000001c76cdbe6d0: ccec ffff | 4889 4424 

  0x000001c76cdbe6d8: ;   {metadata(method data for {method} {0x000001c71243c2e0} 'doPrivileged' '(Ljava/security/PrivilegedAction;Ljava/security/AccessControlContext;)Ljava/lang/Object;' in 'java/security/AccessController')}
  0x000001c76cdbe6d8: 7848 ba80 | 5d69 54c7 | 0100 0048 | 8382 3001 

  0x000001c76cdbe6e8: ;   {metadata(method data for {method} {0x000001c71243b800} 'executePrivileged' '(Ljava/security/PrivilegedAction;Ljava/security/AccessControlContext;Ljava/lang/Class;)Ljava/lang/Object;' in 'java/security/AccessController')}
  0x000001c76cdbe6e8: 0000 0148 | ba60 fa0f | 54c7 0100 | 008b b2cc | 0000 0083 | c602 89b2 | cc00 0000 | 81e6 feff 
  0x000001c76cdbe708: 1f00 83fe | 000f 8498 | 0200 0048 

  0x000001c76cdbe714: ;   {metadata(method data for {method} {0x000001c71243b800} 'executePrivileged' '(Ljava/security/PrivilegedAction;Ljava/security/AccessControlContext;Ljava/lang/Class;)Ljava/lang/Object;' in 'java/security/AccessController')}
  0x000001c76cdbe714: 83f8 0048 | ba60 fa0f | 54c7 0100 | 0048 be10 | 0100 0000 | 0000 000f | 840a 0000 | 0048 be20 
  0x000001c76cdbe734: 0100 0000 | 0000 0048 | 8b3c 3248 | 8d7f 0148 | 893c 320f | 841f 0000 

  0x000001c76cdbe74c: ;   {metadata(method data for {method} {0x000001c71243b800} 'executePrivileged' '(Ljava/security/PrivilegedAction;Ljava/security/AccessControlContext;Ljava/lang/Class;)Ljava/lang/Object;' in 'java/security/AccessController')}
  0x000001c76cdbe74c: 0048 ba60 | fa0f 54c7 | 0100 0048 | 8382 3001 | 0000 0148 | 8bd0 0f1f 

  0x000001c76cdbe764: ;   {static_call}
  0x000001c76cdbe764: 4400 00e8 

  0x000001c76cdbe768: ; ImmutableOopMap {[96]=Oop [112]=Oop [120]=Oop }
                      ;*invokestatic ensureMaterializedForStackWalk {reexecute=0 rethrow=0 return_oop=0}
                      ; - java.security.AccessController::executePrivileged@5 (line 772)
                      ; - java.security.AccessController::doPrivileged@13 (line 399)
                      ; - java.security.ProtectionDomain$JavaSecurityAccessImpl::doIntersectionPrivilege@18 (line 86)
  0x000001c76cdbe768: 549c 9f07 

  0x000001c76cdbe76c: ;   {metadata(method data for {method} {0x000001c71243b800} 'executePrivileged' '(Ljava/security/PrivilegedAction;Ljava/security/AccessControlContext;Ljava/lang/Class;)Ljava/lang/Object;' in 'java/security/AccessController')}
  0x000001c76cdbe76c: 48ba 60fa | 0f54 c701 | 0000 ff82 | 4001 0000 | 4c8b 4424 | 6049 3b00 

  0x000001c76cdbe784: ;   {metadata(method data for {method} {0x000001c71243b800} 'executePrivileged' '(Ljava/security/PrivilegedAction;Ljava/security/AccessControlContext;Ljava/lang/Class;)Ljava/lang/Object;' in 'java/security/AccessController')}
  0x000001c76cdbe784: 498b d048 | be60 fa0f | 54c7 0100 | 008b 5208 | 49ba 0000 | 0012 c701 | 0000 4903 | d248 3b96 
  0x000001c76cdbe7a4: b001 0000 | 750d 4883 | 86b8 0100 | 0001 e966 | 0000 0048 | 3b96 c001 | 0000 750d | 4883 86c8 
  0x000001c76cdbe7c4: 0100 0001 | e950 0000 | 0048 81be | b001 0000 | 0000 0000 | 7517 4889 | 96b0 0100 | 0048 c786 
  0x000001c76cdbe7e4: b801 0000 | 0100 0000 | e92c 0000 | 0048 81be | c001 0000 | 0000 0000 | 7517 4889 | 96c0 0100 
  0x000001c76cdbe804: 0048 c786 | c801 0000 | 0100 0000 | e908 0000 | 0048 8386 | a001 0000 | 0149 8bd0 | 0f1f 4400 
  0x000001c76cdbe824: 0048 b8b0 | 6289 53c7 

  0x000001c76cdbe82c: ;   {virtual_call}
  0x000001c76cdbe82c: 0100 00e8 

  0x000001c76cdbe830: ; ImmutableOopMap {[112]=Oop [120]=Oop }
                      ;*invokeinterface run {reexecute=0 rethrow=0 return_oop=0}
                      ; - java.security.AccessController::executePrivileged@29 (line 776)
                      ; - java.security.AccessController::doPrivileged@13 (line 399)
                      ; - java.security.ProtectionDomain$JavaSecurityAccessImpl::doIntersectionPrivilege@18 (line 86)
  0x000001c76cdbe830: e4e1 5107 

  0x000001c76cdbe834: ;   {metadata(method data for {method} {0x000001c71243b800} 'executePrivileged' '(Ljava/security/PrivilegedAction;Ljava/security/AccessControlContext;Ljava/lang/Class;)Ljava/lang/Object;' in 'java/security/AccessController')}
  0x000001c76cdbe834: 48ba 60fa | 0f54 c701 | 0000 ff82 | d801 0000 | 488b 5424 

  0x000001c76cdbe848: ;   {metadata(method data for {method} {0x000001c71243b800} 'executePrivileged' '(Ljava/security/PrivilegedAction;Ljava/security/AccessControlContext;Ljava/lang/Class;)Ljava/lang/Object;' in 'java/security/AccessController')}
  0x000001c76cdbe848: 7048 be60 | fa0f 54c7 | 0100 0048 | 8386 3802 

  0x000001c76cdbe858: ;   {metadata(method data for {method} {0x000001c7123d0bf0} 'reachabilityFence' '(Ljava/lang/Object;)V' in 'java/lang/ref/Reference')}
  0x000001c76cdbe858: 0000 0148 | be38 3c0d | 54c7 0100 | 008b becc | 0000 0083 | c702 89be | cc00 0000 | 81e7 feff 
  0x000001c76cdbe878: 1f00 83ff | 000f 844e 

  0x000001c76cdbe880: ;   {metadata(method data for {method} {0x000001c71243b800} 'executePrivileged' '(Ljava/security/PrivilegedAction;Ljava/security/AccessControlContext;Ljava/lang/Class;)Ljava/lang/Object;' in 'java/security/AccessController')}
  0x000001c76cdbe880: 0100 0048 | ba60 fa0f | 54c7 0100 | 0048 8382 | 4802 0000 

  0x000001c76cdbe894: ;   {metadata(method data for {method} {0x000001c7123d0bf0} 'reachabilityFence' '(Ljava/lang/Object;)V' in 'java/lang/ref/Reference')}
  0x000001c76cdbe894: 0148 ba38 | 3c0d 54c7 | 0100 008b | b2cc 0000 | 0083 c602 | 89b2 cc00 | 0000 81e6 | feff 1f00 
  0x000001c76cdbe8b4: 83fe 000f | 8435 0100 | 0048 81c4 | 9000 0000 

  0x000001c76cdbe8c4: ;   {poll_return}
  0x000001c76cdbe8c4: 5d49 3ba7 | 4803 0000 | 0f87 4101 | 0000 c30f | 1f44 0000 

  0x000001c76cdbe8d8: ;   {no_reloc}
  0x000001c76cdbe8d8: e95b 0100 | 0000 0000 | 0000 498b | 8708 0100 | 0048 8d78 | 3049 3bbf | 1801 0000 | 0f87 4801 
  0x000001c76cdbe8f8: 0000 4989 | bf08 0100 | 0048 c700 | 0100 0000 | 488b ca49 | ba00 0000 | 12c7 0100 | 0049 2bca 
  0x000001c76cdbe918: 8948 0848 | 33c9 8948 | 0c48 33c9 | 4889 4810 | 4889 4818 | 4889 4820 | 4889 4828 

  0x000001c76cdbe934: ;   {metadata(method data for {method} {0x000001c71215e228} 'doIntersectionPrivilege' '(Ljava/security/PrivilegedAction;Ljava/security/AccessControlContext;Ljava/security/AccessControlContext;)Ljava/lang/Object;' in 'java/security/ProtectionDomain$JavaSecurityAccessImpl')}
  0x000001c76cdbe934: 488b d048 | be08 5f69 | 54c7 0100 | 0048 8386 | 3001 0000 | 0148 8bd0 | 4889 8424 | 8000 0000 
  0x000001c76cdbe954: ;   {optimized virtual_call}
  0x000001c76cdbe954: 6666 90e8 

  0x000001c76cdbe958: ; ImmutableOopMap {[128]=Oop }
                      ;*invokespecial <init> {reexecute=0 rethrow=0 return_oop=0}
                      ; - java.security.ProtectionDomain$JavaSecurityAccessImpl::doIntersectionPrivilege@8 (line 83)
  0x000001c76cdbe958: 24e4 4607 | 488b 8424 | 8000 0000 | e905 0100 

  0x000001c76cdbe968: ;   {metadata({method} {0x000001c71215e228} 'doIntersectionPrivilege' '(Ljava/security/PrivilegedAction;Ljava/security/AccessControlContext;Ljava/security/AccessControlContext;)Ljava/lang/Object;' in 'java/security/ProtectionDomain$JavaSecurityAccessImpl')}
  0x000001c76cdbe968: 0049 ba20 | e215 12c7 | 0100 004c | 8954 2408 | 48c7 0424 | ffff ffff 

  0x000001c76cdbe980: ;   {runtime_call counter_overflow Runtime1 stub}
  0x000001c76cdbe980: e8fb b551 

  0x000001c76cdbe984: ; ImmutableOopMap {rdx=Oop r8=Oop r9=Oop rdi=Oop }
                      ;*synchronization entry
                      ; - java.security.ProtectionDomain$JavaSecurityAccessImpl::doIntersectionPrivilege@-1 (line 82)
  0x000001c76cdbe984: 07e9 6dfc 

  0x000001c76cdbe988: ;   {metadata({method} {0x000001c71243c2e0} 'doPrivileged' '(Ljava/security/PrivilegedAction;Ljava/security/AccessControlContext;)Ljava/lang/Object;' in 'java/security/AccessController')}
  0x000001c76cdbe988: ffff 49ba | d8c2 4312 | c701 0000 | 4c89 5424 | 0848 c704 | 24ff ffff 

  0x000001c76cdbe9a0: ;   {runtime_call counter_overflow Runtime1 stub}
  0x000001c76cdbe9a0: ffe8 dab5 

  0x000001c76cdbe9a4: ; ImmutableOopMap {[96]=Oop rax=Oop }
                      ;*synchronization entry
                      ; - java.security.AccessController::doPrivileged@-1 (line 397)
                      ; - java.security.ProtectionDomain$JavaSecurityAccessImpl::doIntersectionPrivilege@18 (line 86)
  0x000001c76cdbe9a4: 5107 e9e3 

  0x000001c76cdbe9a8: ;   {metadata({method} {0x000001c71243b800} 'executePrivileged' '(Ljava/security/PrivilegedAction;Ljava/security/AccessControlContext;Ljava/lang/Class;)Ljava/lang/Object;' in 'java/security/AccessController')}
  0x000001c76cdbe9a8: fcff ff49 | baf8 b743 | 12c7 0100 | 004c 8954 | 2408 48c7 | 0424 ffff 

  0x000001c76cdbe9c0: ;   {runtime_call counter_overflow Runtime1 stub}
  0x000001c76cdbe9c0: ffff e8b9 

  0x000001c76cdbe9c4: ; ImmutableOopMap {[96]=Oop [112]=Oop rax=Oop [120]=Oop }
                      ;*synchronization entry
                      ; - java.security.AccessController::executePrivileged@-1 (line 771)
                      ; - java.security.AccessController::doPrivileged@13 (line 399)
                      ; - java.security.ProtectionDomain$JavaSecurityAccessImpl::doIntersectionPrivilege@18 (line 86)
  0x000001c76cdbe9c4: b551 07e9 | 47fd ffff 

  0x000001c76cdbe9cc: ;   {runtime_call throw_null_pointer_exception Runtime1 stub}
  0x000001c76cdbe9cc: e8cf 6451 

  0x000001c76cdbe9d0: ; ImmutableOopMap {[112]=Oop r8=Oop [120]=Oop }
                      ;*invokeinterface run {reexecute=0 rethrow=0 return_oop=0}
                      ; - java.security.AccessController::executePrivileged@29 (line 776)
                      ; - java.security.AccessController::doPrivileged@13 (line 399)
                      ; - java.security.ProtectionDomain$JavaSecurityAccessImpl::doIntersectionPrivilege@18 (line 86)
                      ;   {metadata({method} {0x000001c7123d0bf0} 'reachabilityFence' '(Ljava/lang/Object;)V' in 'java/lang/ref/Reference')}
  0x000001c76cdbe9d0: 0749 bae8 | 0b3d 12c7 | 0100 004c | 8954 2408 | 48c7 0424 | ffff ffff 

  0x000001c76cdbe9e8: ;   {runtime_call counter_overflow Runtime1 stub}
  0x000001c76cdbe9e8: e893 b551 

  0x000001c76cdbe9ec: ; ImmutableOopMap {rax=Oop rdx=Oop }
                      ;*synchronization entry
                      ; - java.lang.ref.Reference::reachabilityFence@-1 (line 621)
                      ; - java.security.AccessController::executePrivileged@56 (line 781)
                      ; - java.security.AccessController::doPrivileged@13 (line 399)
                      ; - java.security.ProtectionDomain$JavaSecurityAccessImpl::doIntersectionPrivilege@18 (line 86)
  0x000001c76cdbe9ec: 07e9 91fe 

  0x000001c76cdbe9f0: ;   {metadata({method} {0x000001c7123d0bf0} 'reachabilityFence' '(Ljava/lang/Object;)V' in 'java/lang/ref/Reference')}
  0x000001c76cdbe9f0: ffff 49ba | e80b 3d12 | c701 0000 | 4c89 5424 | 0848 c704 | 24ff ffff 

  0x000001c76cdbea08: ;   {runtime_call counter_overflow Runtime1 stub}
  0x000001c76cdbea08: ffe8 72b5 

  0x000001c76cdbea0c: ; ImmutableOopMap {rax=Oop }
                      ;*synchronization entry
                      ; - java.lang.ref.Reference::reachabilityFence@-1 (line 621)
                      ; - java.security.AccessController::executePrivileged@60 (line 782)
                      ; - java.security.AccessController::doPrivileged@13 (line 399)
                      ; - java.security.ProtectionDomain$JavaSecurityAccessImpl::doIntersectionPrivilege@18 (line 86)
  0x000001c76cdbea0c: 5107 e9aa 

  0x000001c76cdbea10: ;   {internal_word}
  0x000001c76cdbea10: feff ff49 | bac5 e8db | 6cc7 0100 | 004d 8997 | 6003 0000 

  0x000001c76cdbea24: ;   {runtime_call SafepointBlob}
  0x000001c76cdbea24: e9d7 4947 

  0x000001c76cdbea28: ;   {metadata(NULL)}
  0x000001c76cdbea28: 0748 ba00 | 0000 0000 | 0000 00b8 | 000f 050a 

  0x000001c76cdbea38: ;   {runtime_call load_klass_patching Runtime1 stub}
  0x000001c76cdbea38: e8c3 a451 

  0x000001c76cdbea3c: ; ImmutableOopMap {}
                      ;*new {reexecute=1 rethrow=0 return_oop=0}
                      ; - (reexecute) java.security.ProtectionDomain$JavaSecurityAccessImpl::doIntersectionPrivilege@4 (line 83)
  0x000001c76cdbea3c: 07e9 96fe | ffff 488b 

  0x000001c76cdbea44: ;   {runtime_call fast_new_instance Runtime1 stub}
  0x000001c76cdbea44: d2e8 366d 

  0x000001c76cdbea48: ; ImmutableOopMap {}
                      ;*new {reexecute=0 rethrow=0 return_oop=0}
                      ; - java.security.ProtectionDomain$JavaSecurityAccessImpl::doIntersectionPrivilege@4 (line 83)
  0x000001c76cdbea48: 5107 e9e5 | feff ff90 | 9049 8b87 | d803 0000 | 49c7 87d8 | 0300 0000 | 0000 0049 | c787 e003 
  0x000001c76cdbea68: 0000 0000 | 0000 4881 | c490 0000 

  0x000001c76cdbea74: ;   {runtime_call unwind_exception Runtime1 stub}
  0x000001c76cdbea74: 005d e985 | 8448 07f4 | f4f4 f4f4 
[Stub Code]
  0x000001c76cdbea80: ;   {no_reloc}
  0x000001c76cdbea80: 0f1f 4400 

  0x000001c76cdbea84: ;   {static_stub}
  0x000001c76cdbea84: 0048 bb00 | 0000 0000 

  0x000001c76cdbea8c: ;   {runtime_call}
  0x000001c76cdbea8c: 0000 00e9 | fbff ffff 

  0x000001c76cdbea94: ;   {static_stub}
  0x000001c76cdbea94: 9048 bb00 | 0000 0000 

  0x000001c76cdbea9c: ;   {runtime_call}
  0x000001c76cdbea9c: 0000 00e9 | fbff ffff 

  0x000001c76cdbeaa4: ;   {static_stub}
  0x000001c76cdbeaa4: 9048 bb00 | 0000 0000 

  0x000001c76cdbeaac: ;   {runtime_call}
  0x000001c76cdbeaac: 0000 00e9 | fbff ffff 

  0x000001c76cdbeab4: ;   {static_stub}
  0x000001c76cdbeab4: 9048 bb00 | 0000 0000 

  0x000001c76cdbeabc: ;   {runtime_call}
  0x000001c76cdbeabc: 0000 00e9 | fbff ffff 

  0x000001c76cdbeac4: ;   {static_stub}
  0x000001c76cdbeac4: 9048 bb00 | 0000 0000 

  0x000001c76cdbeacc: ;   {runtime_call}
  0x000001c76cdbeacc: 0000 00e9 | fbff ffff 

  0x000001c76cdbead4: ;   {static_stub}
  0x000001c76cdbead4: 9048 bb00 | 0000 0000 

  0x000001c76cdbeadc: ;   {runtime_call}
  0x000001c76cdbeadc: 0000 00e9 | fbff ffff 
[Exception Handler]
  0x000001c76cdbeae4: ;   {runtime_call handle_exception_from_callee Runtime1 stub}
  0x000001c76cdbeae4: e897 8151 

  0x000001c76cdbeae8: ;   {external_word}
  0x000001c76cdbeae8: 0748 b990 | 003c 32fd | 7f00 0048 

  0x000001c76cdbeaf4: ;   {runtime_call}
  0x000001c76cdbeaf4: 83e4 f049 | ba20 ea09 | 32fd 7f00 | 0041 ffd2 

  0x000001c76cdbeb04: ;   {section_word}
  0x000001c76cdbeb04: f449 ba05 | ebdb 6cc7 | 0100 0041 

  0x000001c76cdbeb10: ;   {runtime_call DeoptimizationBlob}
  0x000001c76cdbeb10: 52e9 8a3b | 4707 f4f4 
[/MachCode]


---------------  P R O C E S S  ---------------

Threads class SMR info:
_java_thread_list=0x000001c7538914e0, length=18, elements={
0x000001c77f7b5850, 0x000001c77f7b6410, 0x000001c77f7cfd80, 0x000001c77f7d0650,
0x000001c77f7d2b90, 0x000001c77f7d40c0, 0x000001c77f7d5920, 0x000001c77f7d6e90,
0x000001c77f7d8400, 0x000001c7530808b0, 0x000001c753216000, 0x000001c7533fe060,
0x000001c75326d150, 0x000001c75326d630, 0x000001c7535c7a00, 0x000001c765414970,
0x000001c7536b6020, 0x000001c753887490
}

Java Threads: ( => current thread )
  0x000001c77f7b5850 JavaThread "Reference Handler" daemon [_thread_blocked, id=27792, stack(0x0000009a0e400000,0x0000009a0e500000)]
  0x000001c77f7b6410 JavaThread "Finalizer" daemon [_thread_blocked, id=21360, stack(0x0000009a0e500000,0x0000009a0e600000)]
  0x000001c77f7cfd80 JavaThread "Signal Dispatcher" daemon [_thread_blocked, id=23300, stack(0x0000009a0e600000,0x0000009a0e700000)]
  0x000001c77f7d0650 JavaThread "Attach Listener" daemon [_thread_blocked, id=27988, stack(0x0000009a0e700000,0x0000009a0e800000)]
  0x000001c77f7d2b90 JavaThread "Service Thread" daemon [_thread_blocked, id=11636, stack(0x0000009a0e800000,0x0000009a0e900000)]
  0x000001c77f7d40c0 JavaThread "Monitor Deflation Thread" daemon [_thread_blocked, id=41880, stack(0x0000009a0e900000,0x0000009a0ea00000)]
  0x000001c77f7d5920 JavaThread "C2 CompilerThread0" daemon [_thread_blocked, id=42916, stack(0x0000009a0ea00000,0x0000009a0eb00000)]
  0x000001c77f7d6e90 JavaThread "C1 CompilerThread0" daemon [_thread_blocked, id=23768, stack(0x0000009a0eb00000,0x0000009a0ec00000)]
  0x000001c77f7d8400 JavaThread "Sweeper thread" daemon [_thread_blocked, id=21840, stack(0x0000009a0ec00000,0x0000009a0ed00000)]
  0x000001c7530808b0 JavaThread "Common-Cleaner" daemon [_thread_blocked, id=34628, stack(0x0000009a0ed00000,0x0000009a0ee00000)]
  0x000001c753216000 JavaThread "Notification Thread" daemon [_thread_blocked, id=19420, stack(0x0000009a0ef00000,0x0000009a0f000000)]
  0x000001c7533fe060 JavaThread "Java2D Disposer" daemon [_thread_blocked, id=37048, stack(0x0000009a0f100000,0x0000009a0f200000)]
  0x000001c75326d150 JavaThread "AWT-Shutdown" [_thread_blocked, id=43472, stack(0x0000009a0f200000,0x0000009a0f300000)]
  0x000001c75326d630 JavaThread "AWT-Windows" daemon [_thread_in_native, id=15792, stack(0x0000009a0f300000,0x0000009a0f400000)]
=>0x000001c7535c7a00 JavaThread "AWT-EventQueue-0" [_thread_in_native, id=45240, stack(0x0000009a0f400000,0x0000009a0f500000)]
  0x000001c765414970 JavaThread "DestroyJavaVM" [_thread_blocked, id=18220, stack(0x0000009a0dd00000,0x0000009a0de00000)]
  0x000001c7536b6020 JavaThread "TimerQueue" daemon [_thread_blocked, id=45272, stack(0x0000009a0f500000,0x0000009a0f600000)]
  0x000001c753887490 JavaThread "Thread-0" [_thread_in_native, id=5344, stack(0x0000009a0ee00000,0x0000009a0ef00000)]

Other Threads:
  0x000001c77f7b1240 VMThread "VM Thread" [stack: 0x0000009a0e300000,0x0000009a0e400000] [id=39740]
  0x000001c7654d5ac0 WatcherThread [stack: 0x0000009a0f000000,0x0000009a0f100000] [id=38192]
  0x000001c7654b9fe0 GCTaskThread "GC Thread#0" [stack: 0x0000009a0de00000,0x0000009a0df00000] [id=17412]
  0x000001c7654cacf0 ConcurrentGCThread "G1 Main Marker" [stack: 0x0000009a0df00000,0x0000009a0e000000] [id=42576]
  0x000001c7654cc3e0 ConcurrentGCThread "G1 Conc#0" [stack: 0x0000009a0e000000,0x0000009a0e100000] [id=42396]
  0x000001c77f6eb2c0 ConcurrentGCThread "G1 Refine#0" [stack: 0x0000009a0e100000,0x0000009a0e200000] [id=12180]
  0x000001c77f6edbb0 ConcurrentGCThread "G1 Service" [stack: 0x0000009a0e200000,0x0000009a0e300000] [id=41252]

Threads with active compile tasks:

VM state: not at safepoint (normal execution)

VM Mutex/Monitor currently owned by a thread: None

Heap address: 0x0000000604800000, size: 8120 MB, Compressed Oops mode: Zero based, Oop shift amount: 3

CDS archive(s) mapped at: [0x000001c712000000-0x000001c712bd0000-0x000001c712bd0000), size 12386304, SharedBaseAddress: 0x000001c712000000, ArchiveRelocationMode: 1.
Compressed class space mapped at: 0x000001c713000000-0x000001c753000000, reserved size: 1073741824
Narrow klass base: 0x000001c712000000, Narrow klass shift: 0, Narrow klass range: 0x100000000

GC Precious Log:
 CPUs: 12 total, 12 available
 Memory: 32479M
 Large Page Support: Disabled
 NUMA Support: Disabled
 Compressed Oops: Enabled (Zero based)
 Heap Region Size: 4M
 Heap Min Capacity: 8M
 Heap Initial Capacity: 508M
 Heap Max Capacity: 8120M
 Pre-touch: Disabled
 Parallel Workers: 10
 Concurrent Workers: 3
 Concurrent Refinement Workers: 10
 Periodic GC: Disabled

Heap:
 garbage-first heap   total 520192K, used 4096K [0x0000000604800000, 0x0000000800000000)
  region size 4096K, 3 young (12288K), 0 survivors (0K)
 Metaspace       used 7791K, committed 8000K, reserved 1114112K
  class space    used 899K, committed 1024K, reserved 1048576K

Heap Regions: E=young(eden), S=young(survivor), O=old, HS=humongous(starts), HC=humongous(continues), CS=collection set, F=free, OA=open archive, CA=closed archive, TAMS=top-at-mark-start (previous, next)
|   0|0x0000000604800000, 0x0000000604800000, 0x0000000604c00000|  0%| F|  |TAMS 0x0000000604800000, 0x0000000604800000| Untracked 
|   1|0x0000000604c00000, 0x0000000604c00000, 0x0000000605000000|  0%| F|  |TAMS 0x0000000604c00000, 0x0000000604c00000| Untracked 
|   2|0x0000000605000000, 0x0000000605000000, 0x0000000605400000|  0%| F|  |TAMS 0x0000000605000000, 0x0000000605000000| Untracked 
|   3|0x0000000605400000, 0x0000000605400000, 0x0000000605800000|  0%| F|  |TAMS 0x0000000605400000, 0x0000000605400000| Untracked 
|   4|0x0000000605800000, 0x0000000605800000, 0x0000000605c00000|  0%| F|  |TAMS 0x0000000605800000, 0x0000000605800000| Untracked 
|   5|0x0000000605c00000, 0x0000000605c00000, 0x0000000606000000|  0%| F|  |TAMS 0x0000000605c00000, 0x0000000605c00000| Untracked 
|   6|0x0000000606000000, 0x0000000606000000, 0x0000000606400000|  0%| F|  |TAMS 0x0000000606000000, 0x0000000606000000| Untracked 
|   7|0x0000000606400000, 0x0000000606400000, 0x0000000606800000|  0%| F|  |TAMS 0x0000000606400000, 0x0000000606400000| Untracked 
|   8|0x0000000606800000, 0x0000000606800000, 0x0000000606c00000|  0%| F|  |TAMS 0x0000000606800000, 0x0000000606800000| Untracked 
|   9|0x0000000606c00000, 0x0000000606c00000, 0x0000000607000000|  0%| F|  |TAMS 0x0000000606c00000, 0x0000000606c00000| Untracked 
|  10|0x0000000607000000, 0x0000000607000000, 0x0000000607400000|  0%| F|  |TAMS 0x0000000607000000, 0x0000000607000000| Untracked 
|  11|0x0000000607400000, 0x0000000607400000, 0x0000000607800000|  0%| F|  |TAMS 0x0000000607400000, 0x0000000607400000| Untracked 
|  12|0x0000000607800000, 0x0000000607800000, 0x0000000607c00000|  0%| F|  |TAMS 0x0000000607800000, 0x0000000607800000| Untracked 
|  13|0x0000000607c00000, 0x0000000607c00000, 0x0000000608000000|  0%| F|  |TAMS 0x0000000607c00000, 0x0000000607c00000| Untracked 
|  14|0x0000000608000000, 0x0000000608000000, 0x0000000608400000|  0%| F|  |TAMS 0x0000000608000000, 0x0000000608000000| Untracked 
|  15|0x0000000608400000, 0x0000000608400000, 0x0000000608800000|  0%| F|  |TAMS 0x0000000608400000, 0x0000000608400000| Untracked 
|  16|0x0000000608800000, 0x0000000608800000, 0x0000000608c00000|  0%| F|  |TAMS 0x0000000608800000, 0x0000000608800000| Untracked 
|  17|0x0000000608c00000, 0x0000000608c00000, 0x0000000609000000|  0%| F|  |TAMS 0x0000000608c00000, 0x0000000608c00000| Untracked 
|  18|0x0000000609000000, 0x0000000609000000, 0x0000000609400000|  0%| F|  |TAMS 0x0000000609000000, 0x0000000609000000| Untracked 
|  19|0x0000000609400000, 0x0000000609400000, 0x0000000609800000|  0%| F|  |TAMS 0x0000000609400000, 0x0000000609400000| Untracked 
|  20|0x0000000609800000, 0x0000000609800000, 0x0000000609c00000|  0%| F|  |TAMS 0x0000000609800000, 0x0000000609800000| Untracked 
|  21|0x0000000609c00000, 0x0000000609c00000, 0x000000060a000000|  0%| F|  |TAMS 0x0000000609c00000, 0x0000000609c00000| Untracked 
|  22|0x000000060a000000, 0x000000060a000000, 0x000000060a400000|  0%| F|  |TAMS 0x000000060a000000, 0x000000060a000000| Untracked 
|  23|0x000000060a400000, 0x000000060a400000, 0x000000060a800000|  0%| F|  |TAMS 0x000000060a400000, 0x000000060a400000| Untracked 
|  24|0x000000060a800000, 0x000000060a800000, 0x000000060ac00000|  0%| F|  |TAMS 0x000000060a800000, 0x000000060a800000| Untracked 
|  25|0x000000060ac00000, 0x000000060ac00000, 0x000000060b000000|  0%| F|  |TAMS 0x000000060ac00000, 0x000000060ac00000| Untracked 
|  26|0x000000060b000000, 0x000000060b000000, 0x000000060b400000|  0%| F|  |TAMS 0x000000060b000000, 0x000000060b000000| Untracked 
|  27|0x000000060b400000, 0x000000060b400000, 0x000000060b800000|  0%| F|  |TAMS 0x000000060b400000, 0x000000060b400000| Untracked 
|  28|0x000000060b800000, 0x000000060b800000, 0x000000060bc00000|  0%| F|  |TAMS 0x000000060b800000, 0x000000060b800000| Untracked 
|  29|0x000000060bc00000, 0x000000060bc00000, 0x000000060c000000|  0%| F|  |TAMS 0x000000060bc00000, 0x000000060bc00000| Untracked 
|  30|0x000000060c000000, 0x000000060c000000, 0x000000060c400000|  0%| F|  |TAMS 0x000000060c000000, 0x000000060c000000| Untracked 
|  31|0x000000060c400000, 0x000000060c400000, 0x000000060c800000|  0%| F|  |TAMS 0x000000060c400000, 0x000000060c400000| Untracked 
|  32|0x000000060c800000, 0x000000060c800000, 0x000000060cc00000|  0%| F|  |TAMS 0x000000060c800000, 0x000000060c800000| Untracked 
|  33|0x000000060cc00000, 0x000000060cc00000, 0x000000060d000000|  0%| F|  |TAMS 0x000000060cc00000, 0x000000060cc00000| Untracked 
|  34|0x000000060d000000, 0x000000060d000000, 0x000000060d400000|  0%| F|  |TAMS 0x000000060d000000, 0x000000060d000000| Untracked 
|  35|0x000000060d400000, 0x000000060d400000, 0x000000060d800000|  0%| F|  |TAMS 0x000000060d400000, 0x000000060d400000| Untracked 
|  36|0x000000060d800000, 0x000000060d800000, 0x000000060dc00000|  0%| F|  |TAMS 0x000000060d800000, 0x000000060d800000| Untracked 
|  37|0x000000060dc00000, 0x000000060dc00000, 0x000000060e000000|  0%| F|  |TAMS 0x000000060dc00000, 0x000000060dc00000| Untracked 
|  38|0x000000060e000000, 0x000000060e000000, 0x000000060e400000|  0%| F|  |TAMS 0x000000060e000000, 0x000000060e000000| Untracked 
|  39|0x000000060e400000, 0x000000060e400000, 0x000000060e800000|  0%| F|  |TAMS 0x000000060e400000, 0x000000060e400000| Untracked 
|  40|0x000000060e800000, 0x000000060e800000, 0x000000060ec00000|  0%| F|  |TAMS 0x000000060e800000, 0x000000060e800000| Untracked 
|  41|0x000000060ec00000, 0x000000060ec00000, 0x000000060f000000|  0%| F|  |TAMS 0x000000060ec00000, 0x000000060ec00000| Untracked 
|  42|0x000000060f000000, 0x000000060f000000, 0x000000060f400000|  0%| F|  |TAMS 0x000000060f000000, 0x000000060f000000| Untracked 
|  43|0x000000060f400000, 0x000000060f400000, 0x000000060f800000|  0%| F|  |TAMS 0x000000060f400000, 0x000000060f400000| Untracked 
|  44|0x000000060f800000, 0x000000060f800000, 0x000000060fc00000|  0%| F|  |TAMS 0x000000060f800000, 0x000000060f800000| Untracked 
|  45|0x000000060fc00000, 0x000000060fc00000, 0x0000000610000000|  0%| F|  |TAMS 0x000000060fc00000, 0x000000060fc00000| Untracked 
|  46|0x0000000610000000, 0x0000000610000000, 0x0000000610400000|  0%| F|  |TAMS 0x0000000610000000, 0x0000000610000000| Untracked 
|  47|0x0000000610400000, 0x0000000610400000, 0x0000000610800000|  0%| F|  |TAMS 0x0000000610400000, 0x0000000610400000| Untracked 
|  48|0x0000000610800000, 0x0000000610800000, 0x0000000610c00000|  0%| F|  |TAMS 0x0000000610800000, 0x0000000610800000| Untracked 
|  49|0x0000000610c00000, 0x0000000610c00000, 0x0000000611000000|  0%| F|  |TAMS 0x0000000610c00000, 0x0000000610c00000| Untracked 
|  50|0x0000000611000000, 0x0000000611000000, 0x0000000611400000|  0%| F|  |TAMS 0x0000000611000000, 0x0000000611000000| Untracked 
|  51|0x0000000611400000, 0x0000000611400000, 0x0000000611800000|  0%| F|  |TAMS 0x0000000611400000, 0x0000000611400000| Untracked 
|  52|0x0000000611800000, 0x0000000611800000, 0x0000000611c00000|  0%| F|  |TAMS 0x0000000611800000, 0x0000000611800000| Untracked 
|  53|0x0000000611c00000, 0x0000000611c00000, 0x0000000612000000|  0%| F|  |TAMS 0x0000000611c00000, 0x0000000611c00000| Untracked 
|  54|0x0000000612000000, 0x0000000612000000, 0x0000000612400000|  0%| F|  |TAMS 0x0000000612000000, 0x0000000612000000| Untracked 
|  55|0x0000000612400000, 0x0000000612400000, 0x0000000612800000|  0%| F|  |TAMS 0x0000000612400000, 0x0000000612400000| Untracked 
|  56|0x0000000612800000, 0x0000000612800000, 0x0000000612c00000|  0%| F|  |TAMS 0x0000000612800000, 0x0000000612800000| Untracked 
|  57|0x0000000612c00000, 0x0000000612c00000, 0x0000000613000000|  0%| F|  |TAMS 0x0000000612c00000, 0x0000000612c00000| Untracked 
|  58|0x0000000613000000, 0x0000000613000000, 0x0000000613400000|  0%| F|  |TAMS 0x0000000613000000, 0x0000000613000000| Untracked 
|  59|0x0000000613400000, 0x0000000613400000, 0x0000000613800000|  0%| F|  |TAMS 0x0000000613400000, 0x0000000613400000| Untracked 
|  60|0x0000000613800000, 0x0000000613800000, 0x0000000613c00000|  0%| F|  |TAMS 0x0000000613800000, 0x0000000613800000| Untracked 
|  61|0x0000000613c00000, 0x0000000613c00000, 0x0000000614000000|  0%| F|  |TAMS 0x0000000613c00000, 0x0000000613c00000| Untracked 
|  62|0x0000000614000000, 0x0000000614000000, 0x0000000614400000|  0%| F|  |TAMS 0x0000000614000000, 0x0000000614000000| Untracked 
|  63|0x0000000614400000, 0x0000000614400000, 0x0000000614800000|  0%| F|  |TAMS 0x0000000614400000, 0x0000000614400000| Untracked 
|  64|0x0000000614800000, 0x0000000614800000, 0x0000000614c00000|  0%| F|  |TAMS 0x0000000614800000, 0x0000000614800000| Untracked 
|  65|0x0000000614c00000, 0x0000000614c00000, 0x0000000615000000|  0%| F|  |TAMS 0x0000000614c00000, 0x0000000614c00000| Untracked 
|  66|0x0000000615000000, 0x0000000615000000, 0x0000000615400000|  0%| F|  |TAMS 0x0000000615000000, 0x0000000615000000| Untracked 
|  67|0x0000000615400000, 0x0000000615400000, 0x0000000615800000|  0%| F|  |TAMS 0x0000000615400000, 0x0000000615400000| Untracked 
|  68|0x0000000615800000, 0x0000000615800000, 0x0000000615c00000|  0%| F|  |TAMS 0x0000000615800000, 0x0000000615800000| Untracked 
|  69|0x0000000615c00000, 0x0000000615c00000, 0x0000000616000000|  0%| F|  |TAMS 0x0000000615c00000, 0x0000000615c00000| Untracked 
|  70|0x0000000616000000, 0x0000000616000000, 0x0000000616400000|  0%| F|  |TAMS 0x0000000616000000, 0x0000000616000000| Untracked 
|  71|0x0000000616400000, 0x0000000616400000, 0x0000000616800000|  0%| F|  |TAMS 0x0000000616400000, 0x0000000616400000| Untracked 
|  72|0x0000000616800000, 0x0000000616800000, 0x0000000616c00000|  0%| F|  |TAMS 0x0000000616800000, 0x0000000616800000| Untracked 
|  73|0x0000000616c00000, 0x0000000616c00000, 0x0000000617000000|  0%| F|  |TAMS 0x0000000616c00000, 0x0000000616c00000| Untracked 
|  74|0x0000000617000000, 0x0000000617000000, 0x0000000617400000|  0%| F|  |TAMS 0x0000000617000000, 0x0000000617000000| Untracked 
|  75|0x0000000617400000, 0x0000000617400000, 0x0000000617800000|  0%| F|  |TAMS 0x0000000617400000, 0x0000000617400000| Untracked 
|  76|0x0000000617800000, 0x0000000617800000, 0x0000000617c00000|  0%| F|  |TAMS 0x0000000617800000, 0x0000000617800000| Untracked 
|  77|0x0000000617c00000, 0x0000000617c00000, 0x0000000618000000|  0%| F|  |TAMS 0x0000000617c00000, 0x0000000617c00000| Untracked 
|  78|0x0000000618000000, 0x0000000618000000, 0x0000000618400000|  0%| F|  |TAMS 0x0000000618000000, 0x0000000618000000| Untracked 
|  79|0x0000000618400000, 0x0000000618400000, 0x0000000618800000|  0%| F|  |TAMS 0x0000000618400000, 0x0000000618400000| Untracked 
|  80|0x0000000618800000, 0x0000000618800000, 0x0000000618c00000|  0%| F|  |TAMS 0x0000000618800000, 0x0000000618800000| Untracked 
|  81|0x0000000618c00000, 0x0000000618c00000, 0x0000000619000000|  0%| F|  |TAMS 0x0000000618c00000, 0x0000000618c00000| Untracked 
|  82|0x0000000619000000, 0x0000000619000000, 0x0000000619400000|  0%| F|  |TAMS 0x0000000619000000, 0x0000000619000000| Untracked 
|  83|0x0000000619400000, 0x0000000619400000, 0x0000000619800000|  0%| F|  |TAMS 0x0000000619400000, 0x0000000619400000| Untracked 
|  84|0x0000000619800000, 0x0000000619800000, 0x0000000619c00000|  0%| F|  |TAMS 0x0000000619800000, 0x0000000619800000| Untracked 
|  85|0x0000000619c00000, 0x0000000619c00000, 0x000000061a000000|  0%| F|  |TAMS 0x0000000619c00000, 0x0000000619c00000| Untracked 
|  86|0x000000061a000000, 0x000000061a000000, 0x000000061a400000|  0%| F|  |TAMS 0x000000061a000000, 0x000000061a000000| Untracked 
|  87|0x000000061a400000, 0x000000061a400000, 0x000000061a800000|  0%| F|  |TAMS 0x000000061a400000, 0x000000061a400000| Untracked 
|  88|0x000000061a800000, 0x000000061a800000, 0x000000061ac00000|  0%| F|  |TAMS 0x000000061a800000, 0x000000061a800000| Untracked 
|  89|0x000000061ac00000, 0x000000061ac00000, 0x000000061b000000|  0%| F|  |TAMS 0x000000061ac00000, 0x000000061ac00000| Untracked 
|  90|0x000000061b000000, 0x000000061b000000, 0x000000061b400000|  0%| F|  |TAMS 0x000000061b000000, 0x000000061b000000| Untracked 
|  91|0x000000061b400000, 0x000000061b400000, 0x000000061b800000|  0%| F|  |TAMS 0x000000061b400000, 0x000000061b400000| Untracked 
|  92|0x000000061b800000, 0x000000061b800000, 0x000000061bc00000|  0%| F|  |TAMS 0x000000061b800000, 0x000000061b800000| Untracked 
|  93|0x000000061bc00000, 0x000000061bc00000, 0x000000061c000000|  0%| F|  |TAMS 0x000000061bc00000, 0x000000061bc00000| Untracked 
|  94|0x000000061c000000, 0x000000061c000000, 0x000000061c400000|  0%| F|  |TAMS 0x000000061c000000, 0x000000061c000000| Untracked 
|  95|0x000000061c400000, 0x000000061c400000, 0x000000061c800000|  0%| F|  |TAMS 0x000000061c400000, 0x000000061c400000| Untracked 
|  96|0x000000061c800000, 0x000000061c800000, 0x000000061cc00000|  0%| F|  |TAMS 0x000000061c800000, 0x000000061c800000| Untracked 
|  97|0x000000061cc00000, 0x000000061cc00000, 0x000000061d000000|  0%| F|  |TAMS 0x000000061cc00000, 0x000000061cc00000| Untracked 
|  98|0x000000061d000000, 0x000000061d000000, 0x000000061d400000|  0%| F|  |TAMS 0x000000061d000000, 0x000000061d000000| Untracked 
|  99|0x000000061d400000, 0x000000061d400000, 0x000000061d800000|  0%| F|  |TAMS 0x000000061d400000, 0x000000061d400000| Untracked 
| 100|0x000000061d800000, 0x000000061d800000, 0x000000061dc00000|  0%| F|  |TAMS 0x000000061d800000, 0x000000061d800000| Untracked 
| 101|0x000000061dc00000, 0x000000061dc00000, 0x000000061e000000|  0%| F|  |TAMS 0x000000061dc00000, 0x000000061dc00000| Untracked 
| 102|0x000000061e000000, 0x000000061e000000, 0x000000061e400000|  0%| F|  |TAMS 0x000000061e000000, 0x000000061e000000| Untracked 
| 103|0x000000061e400000, 0x000000061e400000, 0x000000061e800000|  0%| F|  |TAMS 0x000000061e400000, 0x000000061e400000| Untracked 
| 104|0x000000061e800000, 0x000000061e800000, 0x000000061ec00000|  0%| F|  |TAMS 0x000000061e800000, 0x000000061e800000| Untracked 
| 105|0x000000061ec00000, 0x000000061ec00000, 0x000000061f000000|  0%| F|  |TAMS 0x000000061ec00000, 0x000000061ec00000| Untracked 
| 106|0x000000061f000000, 0x000000061f000000, 0x000000061f400000|  0%| F|  |TAMS 0x000000061f000000, 0x000000061f000000| Untracked 
| 107|0x000000061f400000, 0x000000061f400000, 0x000000061f800000|  0%| F|  |TAMS 0x000000061f400000, 0x000000061f400000| Untracked 
| 108|0x000000061f800000, 0x000000061f800000, 0x000000061fc00000|  0%| F|  |TAMS 0x000000061f800000, 0x000000061f800000| Untracked 
| 109|0x000000061fc00000, 0x000000061fc00000, 0x0000000620000000|  0%| F|  |TAMS 0x000000061fc00000, 0x000000061fc00000| Untracked 
| 110|0x0000000620000000, 0x0000000620000000, 0x0000000620400000|  0%| F|  |TAMS 0x0000000620000000, 0x0000000620000000| Untracked 
| 111|0x0000000620400000, 0x0000000620400000, 0x0000000620800000|  0%| F|  |TAMS 0x0000000620400000, 0x0000000620400000| Untracked 
| 112|0x0000000620800000, 0x0000000620800000, 0x0000000620c00000|  0%| F|  |TAMS 0x0000000620800000, 0x0000000620800000| Untracked 
| 113|0x0000000620c00000, 0x0000000620c00000, 0x0000000621000000|  0%| F|  |TAMS 0x0000000620c00000, 0x0000000620c00000| Untracked 
| 114|0x0000000621000000, 0x0000000621000000, 0x0000000621400000|  0%| F|  |TAMS 0x0000000621000000, 0x0000000621000000| Untracked 
| 115|0x0000000621400000, 0x0000000621400000, 0x0000000621800000|  0%| F|  |TAMS 0x0000000621400000, 0x0000000621400000| Untracked 
| 116|0x0000000621800000, 0x0000000621800000, 0x0000000621c00000|  0%| F|  |TAMS 0x0000000621800000, 0x0000000621800000| Untracked 
| 117|0x0000000621c00000, 0x0000000621c00000, 0x0000000622000000|  0%| F|  |TAMS 0x0000000621c00000, 0x0000000621c00000| Untracked 
| 118|0x0000000622000000, 0x0000000622000000, 0x0000000622400000|  0%| F|  |TAMS 0x0000000622000000, 0x0000000622000000| Untracked 
| 119|0x0000000622400000, 0x0000000622400000, 0x0000000622800000|  0%| F|  |TAMS 0x0000000622400000, 0x0000000622400000| Untracked 
| 120|0x0000000622800000, 0x0000000622800000, 0x0000000622c00000|  0%| F|  |TAMS 0x0000000622800000, 0x0000000622800000| Untracked 
| 121|0x0000000622c00000, 0x0000000622c00000, 0x0000000623000000|  0%| F|  |TAMS 0x0000000622c00000, 0x0000000622c00000| Untracked 
| 122|0x0000000623000000, 0x0000000623000000, 0x0000000623400000|  0%| F|  |TAMS 0x0000000623000000, 0x0000000623000000| Untracked 
| 123|0x0000000623400000, 0x0000000623400000, 0x0000000623800000|  0%| F|  |TAMS 0x0000000623400000, 0x0000000623400000| Untracked 
| 124|0x0000000623800000, 0x00000006239e7ad0, 0x0000000623c00000| 47%| E|  |TAMS 0x0000000623800000, 0x0000000623800000| Complete 
| 125|0x0000000623c00000, 0x0000000624000000, 0x0000000624000000|100%| E|  |TAMS 0x0000000623c00000, 0x0000000623c00000| Complete 
| 126|0x0000000624000000, 0x0000000624400000, 0x0000000624400000|100%| E|CS|TAMS 0x0000000624000000, 0x0000000624000000| Complete 

Card table byte_map: [0x000001c77d1e0000,0x000001c77e1c0000] _byte_map_base: 0x000001c77a1bc000

Marking Bits (Prev, Next): (CMBitMap*) 0x000001c7654ba600, (CMBitMap*) 0x000001c7654ba640
 Prev Bits: [0x000001c700000000, 0x000001c707ee0000)
 Next Bits: [0x000001c707ee0000, 0x000001c70fdc0000)

Polling page: 0x000001c7633a0000

Metaspace:

Usage:
  Non-class:      6.73 MB used.
      Class:    899.96 KB used.
       Both:      7.61 MB used.

Virtual space:
  Non-class space:       64.00 MB reserved,       6.81 MB ( 11%) committed,  1 nodes.
      Class space:        1.00 GB reserved,       1.00 MB ( <1%) committed,  1 nodes.
             Both:        1.06 GB reserved,       7.81 MB ( <1%) committed. 

Chunk freelists:
   Non-Class:  8.89 MB
       Class:  15.03 MB
        Both:  23.92 MB

MaxMetaspaceSize: unlimited
CompressedClassSpaceSize: 1.00 GB
Initial GC threshold: 21.00 MB
Current GC threshold: 21.00 MB
CDS: on
MetaspaceReclaimPolicy: balanced
 - commit_granule_bytes: 65536.
 - commit_granule_words: 8192.
 - virtual_space_node_default_size: 8388608.
 - enlarge_chunks_in_place: 1.
 - new_chunks_are_fully_committed: 0.
 - uncommit_free_chunks: 1.
 - use_allocation_guard: 0.
 - handle_deallocations: 1.


Internal statistics:

num_allocs_failed_limit: 0.
num_arena_births: 106.
num_arena_deaths: 0.
num_vsnodes_births: 2.
num_vsnodes_deaths: 0.
num_space_committed: 125.
num_space_uncommitted: 0.
num_chunks_returned_to_freelist: 0.
num_chunks_taken_from_freelist: 158.
num_chunk_merges: 0.
num_chunk_splits: 88.
num_chunks_enlarged: 32.
num_inconsistent_stats: 0.

CodeHeap 'non-profiled nmethods': size=120000Kb used=256Kb max_used=256Kb free=119743Kb
 bounds [0x000001c774780000, 0x000001c7749f0000, 0x000001c77bcb0000]
CodeHeap 'profiled nmethods': size=120000Kb used=1217Kb max_used=1217Kb free=118783Kb
 bounds [0x000001c76ccb0000, 0x000001c76cf20000, 0x000001c7741e0000]
CodeHeap 'non-nmethods': size=5760Kb used=1273Kb max_used=1289Kb free=4486Kb
 bounds [0x000001c7741e0000, 0x000001c774450000, 0x000001c774780000]
 total_blobs=1480 nmethods=882 adapters=511
 compilation: enabled
              stopped_count=0, restarted_count=0
 full_count=0

Compilation events (20 events):
Event: 2.388 Thread 0x000001c77f7d6e90  873       3       javax.swing.JComponent::getX (5 bytes)
Event: 2.388 Thread 0x000001c77f7d6e90 nmethod 873 0x000001c76cddc710 code [0x000001c76cddc8a0, 0x000001c76cddc9b8]
Event: 2.388 Thread 0x000001c77f7d6e90  874       3       javax.swing.JComponent::getY (5 bytes)
Event: 2.388 Thread 0x000001c77f7d6e90 nmethod 874 0x000001c76cddca90 code [0x000001c76cddcc20, 0x000001c76cddcd38]
Event: 2.528 Thread 0x000001c77f7d6e90  875   !   3       java.awt.EventQueue::setCurrentEventAndMostRecentTimeImpl (191 bytes)
Event: 2.528 Thread 0x000001c77f7d6e90 nmethod 875 0x000001c76cddce10 code [0x000001c76cddd0c0, 0x000001c76cdde788]
Event: 2.529 Thread 0x000001c77f7d6e90  876       3       java.awt.Component::isDisplayable (13 bytes)
Event: 2.529 Thread 0x000001c77f7d6e90 nmethod 876 0x000001c76cddec90 code [0x000001c76cddee20, 0x000001c76cddef98]
Event: 2.529 Thread 0x000001c77f7d6e90  877       3       java.util.LinkedList$Node::<init> (20 bytes)
Event: 2.529 Thread 0x000001c77f7d6e90 nmethod 877 0x000001c76cddf010 code [0x000001c76cddf1c0, 0x000001c76cddf458]
Event: 2.530 Thread 0x000001c77f7d6e90  878       1       sun.util.locale.StringTokenIterator::isDone (5 bytes)
Event: 2.530 Thread 0x000001c77f7d6e90 nmethod 878 0x000001c7747bfc90 code [0x000001c7747bfe20, 0x000001c7747bfef8]
Event: 2.533 Thread 0x000001c77f7d6e90  879       3       java.awt.Component::isShowing (38 bytes)
Event: 2.533 Thread 0x000001c77f7d6e90 nmethod 879 0x000001c76cddf510 code [0x000001c76cddf6c0, 0x000001c76cddf9e8]
Event: 2.533 Thread 0x000001c77f7d6e90  881       3       javax.swing.SwingUtilities::computeIntersection (189 bytes)
Event: 2.533 Thread 0x000001c77f7d6e90 nmethod 881 0x000001c76cddfa90 code [0x000001c76cddfc40, 0x000001c76cddff38]
Event: 2.533 Thread 0x000001c77f7d6e90  882       3       sun.java2d.pipe.Region::dimAdd (20 bytes)
Event: 2.533 Thread 0x000001c77f7d6e90 nmethod 882 0x000001c76cde0010 code [0x000001c76cde01c0, 0x000001c76cde0378]
Event: 2.533 Thread 0x000001c77f7d6e90  880       1       javax.swing.RepaintManager::isDoubleBufferingEnabled (5 bytes)
Event: 2.533 Thread 0x000001c77f7d6e90 nmethod 880 0x000001c7747bff90 code [0x000001c7747c0120, 0x000001c7747c01f8]

GC Heap History (0 events):
No events

Deoptimization events (12 events):
Event: 0.158 Thread 0x000001c7535c7a00 Uncommon trap: trap_request=0xffffff45 fr.pc=0x000001c77478eaf8 relative=0x0000000000000918
Event: 0.158 Thread 0x000001c7535c7a00 Uncommon trap: reason=unstable_if action=reinterpret pc=0x000001c77478eaf8 method=java.util.HashMap.putVal(ILjava/lang/Object;Ljava/lang/Object;ZZ)Ljava/lang/Object; @ 81 c2
Event: 0.158 Thread 0x000001c7535c7a00 DEOPT PACKING pc=0x000001c77478eaf8 sp=0x0000009a0f4fda20
Event: 0.158 Thread 0x000001c7535c7a00 DEOPT UNPACKING pc=0x000001c7742323a3 sp=0x0000009a0f4fd9c0 mode 2
Event: 0.268 Thread 0x000001c7535c7a00 DEOPT PACKING pc=0x000001c76ccbfa67 sp=0x0000009a0f4fc220
Event: 0.268 Thread 0x000001c7535c7a00 DEOPT UNPACKING pc=0x000001c774232b43 sp=0x0000009a0f4fb640 mode 0
Event: 1.819 Thread 0x000001c7535c7a00 Uncommon trap: trap_request=0xffffff45 fr.pc=0x000001c7747b1958 relative=0x0000000000000518
Event: 1.819 Thread 0x000001c7535c7a00 Uncommon trap: reason=unstable_if action=reinterpret pc=0x000001c7747b1958 method=java.lang.StringLatin1.replace([BCC)Ljava/lang/String; @ 19 c2
Event: 1.819 Thread 0x000001c7535c7a00 DEOPT PACKING pc=0x000001c7747b1958 sp=0x0000009a0f4fd3b0
Event: 1.819 Thread 0x000001c7535c7a00 DEOPT UNPACKING pc=0x000001c7742323a3 sp=0x0000009a0f4fd330 mode 2
Event: 1.849 Thread 0x000001c7535c7a00 DEOPT PACKING pc=0x000001c76ccb70d1 sp=0x0000009a0f4fbb20
Event: 1.849 Thread 0x000001c7535c7a00 DEOPT UNPACKING pc=0x000001c774232b43 sp=0x0000009a0f4faf98 mode 0

Classes unloaded (0 events):
No events

Classes redefined (0 events):
No events

Internal exceptions (20 events):
Event: 0.059 Thread 0x000001c765414970 Exception <a 'sun/nio/fs/WindowsException'{0x00000006241abb48}> (0x00000006241abb48) 
thrown [s\open\src\hotspot\share\prims\jni.cpp, line 516]
Event: 0.059 Thread 0x000001c765414970 Exception <a 'sun/nio/fs/WindowsException'{0x00000006241ac078}> (0x00000006241ac078) 
thrown [s\open\src\hotspot\share\prims\jni.cpp, line 516]
Event: 0.060 Thread 0x000001c765414970 Exception <a 'sun/nio/fs/WindowsException'{0x00000006241ae380}> (0x00000006241ae380) 
thrown [s\open\src\hotspot\share\prims\jni.cpp, line 516]
Event: 0.060 Thread 0x000001c765414970 Exception <a 'sun/nio/fs/WindowsException'{0x00000006241aee80}> (0x00000006241aee80) 
thrown [s\open\src\hotspot\share\prims\jni.cpp, line 516]
Event: 0.086 Thread 0x000001c765414970 Exception <a 'java/lang/ClassNotFoundException'{0x0000000624255fa8}: sun/awt/resources/spi/awtProvider> (0x0000000624255fa8) 
thrown [s\open\src\hotspot\share\classfile\systemDictionary.cpp, line 256]
Event: 0.102 Thread 0x000001c765414970 Exception <a 'java/io/FileNotFoundException'{0x00000006242a8840}> (0x00000006242a8840) 
thrown [s\open\src\hotspot\share\prims\jni.cpp, line 516]
Event: 0.108 Thread 0x000001c765414970 Exception <a 'java/io/FileNotFoundException'{0x00000006242d57d0}> (0x00000006242d57d0) 
thrown [s\open\src\hotspot\share\prims\jni.cpp, line 516]
Event: 0.130 Thread 0x000001c765414970 Exception <a 'java/lang/NoSuchMethodError'{0x0000000624308d30}: 'java.lang.Object java.lang.invoke.DirectMethodHandle$Holder.invokeStaticInit(java.lang.Object)'> (0x0000000624308d30) 
thrown [s\open\src\hotspot\share\interpreter\linkResolver.cpp, line 759]
Event: 0.159 Thread 0x000001c7535c7a00 Exception <a 'java/lang/NoSuchMethodError'{0x0000000623c4b400}: 'void java.lang.invoke.DirectMethodHandle$Holder.invokeSpecial(java.lang.Object, java.lang.Object, java.lang.Object)'> (0x0000000623c4b400) 
thrown [s\open\src\hotspot\share\interpreter\linkResolver.cpp, line 759]
Event: 0.166 Thread 0x000001c7535c7a00 Exception <a 'java/lang/NoSuchMethodError'{0x0000000623c755a0}: 'java.lang.Object java.lang.invoke.DirectMethodHandle$Holder.newInvokeSpecial(java.lang.Object, java.lang.Object, java.lang.Object, java.lang.Object, java.lang.Object)'> (0x0000000623c755a0) 
thrown [s\open\src\hotspot\share\interpreter\linkResolver.cpp, line 759]
Event: 0.168 Thread 0x000001c7535c7a00 Exception <a 'java/lang/NoSuchMethodError'{0x0000000623c812e0}: 'java.lang.Object java.lang.invoke.DirectMethodHandle$Holder.invokeStatic(java.lang.Object, int, java.lang.Object, java.lang.Object, java.lang.Object, java.lang.Object)'> (0x0000000623c812e0) 
thrown [s\open\src\hotspot\share\interpreter\linkResolver.cpp, line 759]
Event: 0.172 Thread 0x000001c7535c7a00 Exception <a 'java/lang/NoSuchMethodError'{0x0000000623ca6aa0}: 'java.lang.Object java.lang.invoke.DirectMethodHandle$Holder.invokeStatic(java.lang.Object, int, java.lang.Object)'> (0x0000000623ca6aa0) 
thrown [s\open\src\hotspot\share\interpreter\linkResolver.cpp, line 759]
Event: 0.191 Thread 0x000001c7535c7a00 Exception <a 'java/lang/ClassNotFoundException'{0x0000000623d5ea38}: com/sun/swing/internal/plaf/metal/resources/spi/metalProvider> (0x0000000623d5ea38) 
thrown [s\open\src\hotspot\share\classfile\systemDictionary.cpp, line 256]
Event: 0.192 Thread 0x000001c7535c7a00 Exception <a 'java/lang/ClassNotFoundException'{0x0000000623d62890}: com/sun/swing/internal/plaf/basic/resources/spi/basicProvider> (0x0000000623d62890) 
thrown [s\open\src\hotspot\share\classfile\systemDictionary.cpp, line 256]
Event: 0.253 Thread 0x000001c75326d630 Exception <a 'java/lang/NoSuchMethodError'{0x000000062436bf10}: 'void java.lang.invoke.DirectMethodHandle$Holder.invokeVirtual(java.lang.Object, java.lang.Object)'> (0x000000062436bf10) 
thrown [s\open\src\hotspot\share\interpreter\linkResolver.cpp, line 759]
Event: 0.264 Thread 0x000001c7535c7a00 Exception <a 'java/lang/NoSuchMethodError'{0x0000000623e8b130}: 'void java.lang.invoke.DirectMethodHandle$Holder.invokeStaticInit(java.lang.Object)'> (0x0000000623e8b130) 
thrown [s\open\src\hotspot\share\interpreter\linkResolver.cpp, line 759]
Event: 1.826 Thread 0x000001c7535c7a00 Exception <a 'java/io/FileNotFoundException'{0x0000000623f669f0}> (0x0000000623f669f0) 
thrown [s\open\src\hotspot\share\prims\jni.cpp, line 516]
Event: 1.833 Thread 0x000001c7535c7a00 Exception <a 'java/io/FileNotFoundException'{0x0000000623f788b8}> (0x0000000623f788b8) 
thrown [s\open\src\hotspot\share\prims\jni.cpp, line 516]
Event: 1.834 Thread 0x000001c7535c7a00 Exception <a 'java/io/FileNotFoundException'{0x0000000623f8a028}> (0x0000000623f8a028) 
thrown [s\open\src\hotspot\share\prims\jni.cpp, line 516]
Event: 1.840 Thread 0x000001c7535c7a00 Exception <a 'java/io/FileNotFoundException'{0x0000000623f9ba10}> (0x0000000623f9ba10) 
thrown [s\open\src\hotspot\share\prims\jni.cpp, line 516]

VM Operations (12 events):
Event: 0.061 Executing VM operation: HandshakeAllThreads
Event: 0.061 Executing VM operation: HandshakeAllThreads done
Event: 0.210 Executing VM operation: HandshakeAllThreads
Event: 0.210 Executing VM operation: HandshakeAllThreads done
Event: 0.228 Executing VM operation: HandshakeAllThreads
Event: 0.228 Executing VM operation: HandshakeAllThreads done
Event: 0.346 Executing VM operation: HandshakeAllThreads
Event: 0.346 Executing VM operation: HandshakeAllThreads done
Event: 1.356 Executing VM operation: Cleanup
Event: 1.356 Executing VM operation: Cleanup done
Event: 2.365 Executing VM operation: Cleanup
Event: 2.365 Executing VM operation: Cleanup done

Events (20 events):
Event: 0.937 loading class java/awt/Toolkit$SelectiveAWTEventListener done
Event: 0.937 loading class java/awt/Toolkit$ToolkitEventMulticaster
Event: 0.937 loading class java/awt/Toolkit$ToolkitEventMulticaster done
Event: 0.937 loading class java/awt/event/MouseWheelEvent
Event: 0.937 loading class java/awt/event/MouseWheelEvent done
Event: 1.821 Loaded shared library C:\Program Files\Java\jdk-17\bin\verify.dll
Event: 1.821 loading class java/lang/InterruptedException
Event: 1.821 loading class java/lang/InterruptedException done
Event: 1.825 Loaded shared library D:\thuvieniot\rxtxSerial.dll
Event: 1.841 loading class java/util/TooManyListenersException
Event: 1.841 loading class java/util/TooManyListenersException done
Event: 1.842 loading class java/lang/NumberFormatException
Event: 1.842 loading class java/lang/NumberFormatException done
Event: 1.843 loading class java/lang/IndexOutOfBoundsException
Event: 1.844 loading class java/lang/IndexOutOfBoundsException done
Event: 1.849 Thread 0x000001c753887490 Thread added: 0x000001c753887490
Event: 1.858 loading class javax/swing/CellRendererPane
Event: 1.858 loading class javax/swing/CellRendererPane done
Event: 1.860 loading class javax/swing/RepaintManager$3
Event: 1.860 loading class javax/swing/RepaintManager$3 done


Dynamic libraries:
0x00007ff775a20000 - 0x00007ff775a30000 	C:\Program Files\Java\jdk-17\bin\java.exe
0x00007ffdc0e60000 - 0x00007ffdc10c7000 	C:\Windows\SYSTEM32\ntdll.dll
0x00007ffdc0110000 - 0x00007ffdc01d9000 	C:\Windows\System32\KERNEL32.DLL
0x00007ffdbdfb0000 - 0x00007ffdbe39f000 	C:\Windows\System32\KERNELBASE.dll
0x00007ffdbe940000 - 0x00007ffdbea8b000 	C:\Windows\System32\ucrtbase.dll
0x00007ffdba990000 - 0x00007ffdba9ab000 	C:\Program Files\Java\jdk-17\bin\VCRUNTIME140.dll
0x00007ffd995d0000 - 0x00007ffd995e9000 	C:\Program Files\Java\jdk-17\bin\jli.dll
0x00007ffdbfd00000 - 0x00007ffdbfdb4000 	C:\Windows\System32\ADVAPI32.dll
0x00007ffdc03a0000 - 0x00007ffdc0449000 	C:\Windows\System32\msvcrt.dll
0x00007ffdc0d70000 - 0x00007ffdc0e16000 	C:\Windows\System32\sechost.dll
0x00007ffdc08a0000 - 0x00007ffdc09b8000 	C:\Windows\System32\RPCRT4.dll
0x00007ffdbff40000 - 0x00007ffdc0105000 	C:\Windows\System32\USER32.dll
0x00007ffda98f0000 - 0x00007ffda9b83000 	C:\Windows\WinSxS\amd64_microsoft.windows.common-controls_6595b64144ccf1df_6.0.26100.7309_none_3e05feeae336a044\COMCTL32.dll
0x00007ffdbe3b0000 - 0x00007ffdbe3d7000 	C:\Windows\System32\win32u.dll
0x00007ffdbf5b0000 - 0x00007ffdbf5db000 	C:\Windows\System32\GDI32.dll
0x00007ffdbe520000 - 0x00007ffdbe64c000 	C:\Windows\System32\gdi32full.dll
0x00007ffdbe3e0000 - 0x00007ffdbe483000 	C:\Windows\System32\msvcp_win.dll
0x00007ffdb10f0000 - 0x00007ffdb10fb000 	C:\Windows\SYSTEM32\VERSION.dll
0x00007ffdc0860000 - 0x00007ffdc0891000 	C:\Windows\System32\IMM32.DLL
0x00007ffdba970000 - 0x00007ffdba97c000 	C:\Program Files\Java\jdk-17\bin\vcruntime140_1.dll
0x00007ffd85730000 - 0x00007ffd857be000 	C:\Program Files\Java\jdk-17\bin\msvcp140.dll
0x00007ffd31af0000 - 0x00007ffd326d1000 	C:\Program Files\Java\jdk-17\bin\server\jvm.dll
0x00007ffdc0d60000 - 0x00007ffdc0d68000 	C:\Windows\System32\PSAPI.DLL
0x00007ffd97ab0000 - 0x00007ffd97aba000 	C:\Windows\SYSTEM32\WSOCK32.dll
0x00007ffdacb60000 - 0x00007ffdacb95000 	C:\Windows\SYSTEM32\WINMM.dll
0x00007ffdc09c0000 - 0x00007ffdc0a34000 	C:\Windows\System32\WS2_32.dll
0x00007ffdbcd20000 - 0x00007ffdbcd3b000 	C:\Windows\SYSTEM32\kernel.appcore.dll
0x00007ffdb5bf0000 - 0x00007ffdb5bfa000 	C:\Program Files\Java\jdk-17\bin\jimage.dll
0x00007ffdbb270000 - 0x00007ffdbb4b2000 	C:\Windows\SYSTEM32\DBGHELP.DLL
0x00007ffdc04d0000 - 0x00007ffdc0856000 	C:\Windows\System32\combase.dll
0x00007ffdbfa80000 - 0x00007ffdbfb56000 	C:\Windows\System32\OLEAUT32.dll
0x00007ffda9840000 - 0x00007ffda987c000 	C:\Windows\SYSTEM32\dbgcore.DLL
0x00007ffdbea90000 - 0x00007ffdbeb35000 	C:\Windows\System32\bcryptPrimitives.dll
0x00007ffd9a050000 - 0x00007ffd9a075000 	C:\Program Files\Java\jdk-17\bin\java.dll
0x00007ffd861b0000 - 0x00007ffd86287000 	C:\Program Files\Java\jdk-17\bin\jsvml.dll
0x00007ffdbee50000 - 0x00007ffdbf5a3000 	C:\Windows\System32\SHELL32.dll
0x00007ffdbe650000 - 0x00007ffdbe7ba000 	C:\Windows\System32\wintypes.dll
0x00007ffdbbb70000 - 0x00007ffdbc3ce000 	C:\Windows\SYSTEM32\windows.storage.dll
0x00007ffdbfe40000 - 0x00007ffdbff35000 	C:\Windows\System32\SHCORE.dll
0x00007ffdc0460000 - 0x00007ffdc04c6000 	C:\Windows\System32\shlwapi.dll
0x00007ffdbded0000 - 0x00007ffdbdef9000 	C:\Windows\SYSTEM32\profapi.dll
0x00007ffdab510000 - 0x00007ffdab529000 	C:\Program Files\Java\jdk-17\bin\net.dll
0x00007ffdb6e10000 - 0x00007ffdb6f38000 	C:\Windows\SYSTEM32\WINHTTP.dll
0x00007ffdbd270000 - 0x00007ffdbd2db000 	C:\Windows\system32\mswsock.dll
0x00007ffda5850000 - 0x00007ffda5866000 	C:\Program Files\Java\jdk-17\bin\nio.dll
0x00007ffd9ab10000 - 0x00007ffd9ab28000 	C:\Program Files\Java\jdk-17\bin\zip.dll
0x00007ffd7f1f0000 - 0x00007ffd7f381000 	C:\Program Files\Java\jdk-17\bin\awt.dll
0x00007ffdbaa60000 - 0x00007ffdbaaff000 	C:\Windows\SYSTEM32\apphelp.dll
0x00007ffdbae90000 - 0x00007ffdbaf3b000 	C:\Windows\system32\uxtheme.dll
0x00007ffdc0230000 - 0x00007ffdc038e000 	C:\Windows\System32\MSCTF.dll
0x00007ffdbfb60000 - 0x00007ffdbfcf7000 	C:\Windows\System32\ole32.dll
0x00007ffdbb100000 - 0x00007ffdbb130000 	C:\Windows\system32\DWMAPI.DLL
0x00007ffd811f0000 - 0x00007ffd81300000 	C:\Windows\system32\opengl32.dll
0x00007ffd9a020000 - 0x00007ffd9a04d000 	C:\Windows\SYSTEM32\GLU32.dll
0x00007ffdbb150000 - 0x00007ffdbb194000 	C:\Windows\SYSTEM32\dxcore.dll
0x00007ffd85440000 - 0x00007ffd854c7000 	C:\Program Files\Java\jdk-17\bin\freetype.dll
0x00007ffd6c030000 - 0x00007ffd6c103000 	C:\Program Files\Java\jdk-17\bin\fontmanager.dll
0x00007ffdc0ca0000 - 0x00007ffdc0d50000 	C:\Windows\System32\clbcatq.dll
0x00007ffdb8d60000 - 0x00007ffdb8f90000 	C:\Windows\SYSTEM32\WindowsCodecs.dll
0x00007ffda5610000 - 0x00007ffda566a000 	C:\Windows\system32\dataexchange.dll
0x00007ffdb0c70000 - 0x00007ffdb0eb4000 	C:\Windows\system32\twinapi.appcore.dll
0x00007ffdab530000 - 0x00007ffdab678000 	C:\Windows\SYSTEM32\textinputframework.dll
0x00007ffd90530000 - 0x00007ffd905a9000 	C:\Windows\system32\Oleacc.dll
0x00007ffdba6a0000 - 0x00007ffdba7c7000 	C:\Windows\SYSTEM32\CoreMessaging.dll
0x00007ffdb7030000 - 0x00007ffdb7312000 	C:\Windows\SYSTEM32\CoreUIComponents.dll
0x00007ffdbd4c0000 - 0x00007ffdbd4cc000 	C:\Windows\SYSTEM32\CRYPTBASE.DLL
0x00007ffdb5be0000 - 0x00007ffdb5bf0000 	C:\Program Files\Java\jdk-17\bin\verify.dll
0x0000000180000000 - 0x0000000180025000 	D:\thuvieniot\rxtxSerial.dll

dbghelp: loaded successfully - version: 4.0.5 - missing functions: none
symbol engine: initialized successfully - sym options: 0x614 - pdb path: .;C:\Program Files\Java\jdk-17\bin;C:\Windows\SYSTEM32;C:\Windows\WinSxS\amd64_microsoft.windows.common-controls_6595b64144ccf1df_6.0.26100.7309_none_3e05feeae336a044;C:\Program Files\Java\jdk-17\bin\server;D:\thuvieniot

VM Arguments:
jvm_args: -Dfile.encoding=UTF-8 --module-path=D:\Workspace\LAB211\LAB211_INCLASS\RXTXcommunication1\build\classes 
java_command: myRxtx.ArduinoControlUI
java_class_path (initial): C:\RXTX\6.141-Challenge\orc.jar;D:\thuvieniot\RXTXcomm.jar;D:\Workspace\LAB211\LAB211_INCLASS\RXTXcommunication1\build\classes
Launcher Type: SUN_STANDARD

[Global flags]
     intx CICompilerCount                          = 4                                         {product} {ergonomic}
     uint ConcGCThreads                            = 3                                         {product} {ergonomic}
     uint G1ConcRefinementThreads                  = 10                                        {product} {ergonomic}
   size_t G1HeapRegionSize                         = 4194304                                   {product} {ergonomic}
    uintx GCDrainStackTargetSize                   = 64                                        {product} {ergonomic}
   size_t InitialHeapSize                          = 532676608                                 {product} {ergonomic}
   size_t MarkStackSize                            = 4194304                                   {product} {ergonomic}
   size_t MaxHeapSize                              = 8514437120                                {product} {ergonomic}
   size_t MaxNewSize                               = 5108662272                                {product} {ergonomic}
   size_t MinHeapDeltaBytes                        = 4194304                                   {product} {ergonomic}
   size_t MinHeapSize                              = 8388608                                   {product} {ergonomic}
    uintx NonNMethodCodeHeapSize                   = 5839372                                {pd product} {ergonomic}
    uintx NonProfiledCodeHeapSize                  = 122909434                              {pd product} {ergonomic}
    uintx ProfiledCodeHeapSize                     = 122909434                              {pd product} {ergonomic}
    uintx ReservedCodeCacheSize                    = 251658240                              {pd product} {ergonomic}
     bool SegmentedCodeCache                       = true                                      {product} {ergonomic}
   size_t SoftMaxHeapSize                          = 8514437120                             {manageable} {ergonomic}
     bool UseCompressedClassPointers               = true                           {product lp64_product} {ergonomic}
     bool UseCompressedOops                        = true                           {product lp64_product} {ergonomic}
     bool UseG1GC                                  = true                                      {product} {ergonomic}
     bool UseLargePagesIndividualAllocation        = false                                  {pd product} {ergonomic}

Logging:
Log output configuration:
 #0: stdout all=warning uptime,level,tags
 #1: stderr all=off uptime,level,tags

Environment Variables:
PATH=C:\Python314\Scripts\;C:\Python314\;C:\Program Files\Common Files\Oracle\Java\javapath;C:\Program Files\Java\jdk1.8.0_111\bin;C:\Program Files\Git\cmd;C:\Windows\System32;C:\Program Files\dotnet\;C:\Program Files\Docker\Docker\resources\bin;C:\Program Files (x86)\Microsoft SQL Server\160\Tools\Binn\;C:\Program Files\Microsoft SQL Server\160\Tools\Binn\;C:\Program Files\Microsoft SQL Server\Client SDK\ODBC\170\Tools\Binn\;C:\Program Files\Microsoft SQL Server\160\DTS\Binn\;C:\Program Files\Microsoft SQL Server\170\DTS\Binn\;C:\Program Files\nodejs\;C:\ProgramData\chocolatey\bin;D:\thuvieniot;c:\Users\Admin\AppData\Local\Programs\cursor\resources\app\codeBin;C:\Users\Admin\AppData\Local\Programs\Python\Python311\Scripts\;C:\Users\Admin\AppData\Local\Programs\Python\Python311\;C:\Users\Admin\AppData\Local\Programs\Python\Python313\Scripts\;C:\Users\Admin\AppData\Local\Programs\Python\Python313\;C:\Users\Admin\AppData\Local\Microsoft\WindowsApps;C:\Users\Admin\AppData\Local\Programs\Microsoft VS Code\bin;C:\Program Files\Azure Data Studio\bin;C:\Users\Admin\AppData\Local\Programs\cursor\resources\app\bin;C:\Users\Admin\.dotnet\tools;C:\Users\Admin\AppData\Local\Programs\Antigravity\bin;C:\Users\Admin\AppData\Roaming\npm
USERNAME=Admin
OS=Windows_NT
PROCESSOR_IDENTIFIER=Intel64 Family 6 Model 165 Stepping 2, GenuineIntel



---------------  S Y S T E M  ---------------

OS:
 Windows 11 , 64 bit Build 26100 (10.0.26100.7623)
OS uptime: 18 days 17:12 hours
Hyper-V role detected

CPU: total 12 (initial active 12) (6 cores per cpu, 2 threads per core) family 6 model 165 stepping 2 microcode 0xfe, cx8, cmov, fxsr, ht, mmx, 3dnowpref, sse, sse2, sse3, ssse3, sse4.1, sse4.2, popcnt, lzcnt, tsc, tscinvbit, avx, avx2, aes, erms, clmul, bmi1, bmi2, adx, fma, vzeroupper, clflush, clflushopt, hv

Memory: 4k page, system-wide physical 32479M (17943M free)
TotalPageFile size 34527M (AvailPageFile size 17905M)
current process WorkingSet (physical memory assigned to process): 72M, peak: 72M
current process commit charge ("private bytes"): 627M, peak: 627M

vm_info: Java HotSpot(TM) 64-Bit Server VM (17.0.9+11-LTS-201) for windows-amd64 JRE (17.0.9+11-LTS-201), built on Oct 10 2023 23:16:06 by "mach5one" with MS VC++ 17.1 (VS2022)

END.
